<?xml version="1.0" encoding="UTF-8"?>
<!-- Generated by org.testng.reporters.JUnitXMLReporter -->
<testsuite ignored="0" hostname="madhu" failures="0" tests="3" name="Amazon Test" time="14.167" errors="0" timestamp="2023-07-19T22:38:27 IST">
  <testcase classname="testCases.AmazonTest" name="logoTest" time="0.612"/>
  <testcase classname="testCases.AmazonTest" name="pageTitleTest" time="0.035"/>
  <testcase classname="testCases.AmazonTest" name="searchTest" time="0.057"/>
</testsuite> <!-- Amazon Test -->
